[2026-04-30 00:17:25,967] INFO: Fetched crypto BTC (bitcoin)
[2026-04-30 00:17:26,531] INFO: Fetched crypto ETH (ethereum)
[2026-04-30 00:17:27,697] INFO: Fetched stock/index NIFTY50 (^NSEI)
[2026-04-30 00:17:27,700] INFO: Task 2 run completed
[2026-04-30 00:17:55,080] ERROR: Please provide at least 3 assets in total.
[2026-04-30 00:18:42,593] INFO: Fetched crypto SOL (solana)
[2026-04-30 00:18:43,009] INFO: Fetched crypto BTC (bitcoin)
[2026-04-30 00:18:44,053] INFO: Fetched stock/index NIFTY50 (^NSEI)
[2026-04-30 00:18:44,057] INFO: Task 2 run completed
[2026-04-30 00:19:07,642] INFO: Fetched crypto SOL (solana)
[2026-04-30 00:19:07,817] INFO: Fetched crypto BTC (bitcoin)
[2026-04-30 00:19:10,119] INFO: Fetched stock/index SENSEX (^BSESN)
[2026-04-30 00:19:10,123] INFO: Task 2 run completed
[2026-04-30 00:19:20,102] INFO: Fetched crypto SOL (solana)
[2026-04-30 00:19:20,493] INFO: Fetched crypto BTC (bitcoin)
[2026-04-30 00:19:25,093] ERROR: Failed to fetch stock/index LENSKART (lenskart): 'PriceHistory' object has no attribute '_dividends'
[2026-04-30 00:19:25,094] ERROR: Using N/A row for LENSKART after fetch failure
[2026-04-30 00:19:25,099] INFO: Task 2 run completed
[2026-04-30 00:19:35,919] INFO: Fetched crypto SOL (solana)
[2026-04-30 00:19:36,112] ERROR: Failed to fetch crypto BTC (bitcoin): 429 Client Error: Too Many Requests for url: https://api.coingecko.com/api/v3/simple/price?ids=bitcoin&vs_currencies=usd
[2026-04-30 00:19:36,113] ERROR: Using N/A row for BTC after fetch failure
[2026-04-30 00:19:37,830] INFO: Fetched stock/index TCS (TCS.NS)
[2026-04-30 00:19:37,833] INFO: Task 2 run completed
